[debug] [2025-07-24T03:56:11.751Z] ----------------------------------------------------------------------
[debug] [2025-07-24T03:56:11.761Z] Command:       C:\Program Files\nodejs\node.exe C:\Users\acer\AppData\Roaming\npm\node_modules\firebase-tools\lib\bin\firebase.js init
[debug] [2025-07-24T03:56:11.761Z] CLI Version:   14.9.0
[debug] [2025-07-24T03:56:11.762Z] Platform:      win32
[debug] [2025-07-24T03:56:11.762Z] Node Version:  v22.14.0
[debug] [2025-07-24T03:56:11.762Z] Time:          Thu Jul 24 2025 09:26:11 GMT+0530 (India Standard Time)
[debug] [2025-07-24T03:56:11.762Z] ----------------------------------------------------------------------
[debug] 
[debug] [2025-07-24T03:56:11.765Z] >>> [apiv2][query] GET https://firebase-public.firebaseio.com/cli.json [none]
[debug] [2025-07-24T03:56:12.137Z] > command requires scopes: ["email","openid","https://www.googleapis.com/auth/cloudplatformprojects.readonly","https://www.googleapis.com/auth/firebase","https://www.googleapis.com/auth/cloud-platform"]
[debug] [2025-07-24T03:56:12.137Z] > authorizing via signed-in user (theindiancircuit@gmail.com)
[info] 
     ######## #### ########  ######## ########     ###     ######  ########
     ##        ##  ##     ## ##       ##     ##  ##   ##  ##       ##
     ######    ##  ########  ######   ########  #########  ######  ######
     ##        ##  ##    ##  ##       ##     ## ##     ##       ## ##
     ##       #### ##     ## ######## ########  ##     ##  ######  ########

You're about to initialize a Firebase project in this directory:

  C:\Users\acer\theetherealcircuit\tec\code\frontend

Before we get started, keep in mind:

  * You are initializing within an existing Firebase project directory

[debug] [2025-07-24T03:56:12.849Z] <<< [apiv2][status] GET https://firebase-public.firebaseio.com/cli.json 200
[debug] [2025-07-24T03:56:12.849Z] <<< [apiv2][body] GET https://firebase-public.firebaseio.com/cli.json {"cloudBuildErrorAfter":1594252800000,"cloudBuildWarnAfter":1590019200000,"defaultNode10After":1594252800000,"minVersion":"3.0.5","node8DeploysDisabledAfter":1613390400000,"node8RuntimeDisabledAfter":1615809600000,"node8WarnAfter":1600128000000}
[debug] [2025-07-24T03:56:25.382Z] ExitPromptError: User force closed the prompt with SIGINT
    at Interface.sigint (C:\Users\acer\AppData\Roaming\npm\node_modules\firebase-tools\node_modules\@inquirer\core\dist\commonjs\lib\create-prompt.js:101:37)
    at Interface.emit (node:events:518:28)
    at Interface.emit (node:domain:489:12)
    at [_ttyWrite] [as _ttyWrite] (node:internal/readline/interface:1124:18)
    at ReadStream.onkeypress (node:internal/readline/interface:263:20)
    at ReadStream.emit (node:events:530:35)
    at ReadStream.emit (node:domain:489:12)
    at emitKeys (node:internal/readline/utils:370:14)
    at emitKeys.next (<anonymous>)
    at ReadStream.onData (node:internal/readline/emitKeypressEvents:64:36)
[error] 
[error] Error: An unexpected error has occurred.
[debug] [2025-07-24T03:56:33.640Z] ----------------------------------------------------------------------
[debug] [2025-07-24T03:56:33.643Z] Command:       C:\Program Files\nodejs\node.exe C:\Users\acer\AppData\Roaming\npm\node_modules\firebase-tools\lib\bin\firebase.js deploy
[debug] [2025-07-24T03:56:33.643Z] CLI Version:   14.9.0
[debug] [2025-07-24T03:56:33.643Z] Platform:      win32
[debug] [2025-07-24T03:56:33.644Z] Node Version:  v22.14.0
[debug] [2025-07-24T03:56:33.644Z] Time:          Thu Jul 24 2025 09:26:33 GMT+0530 (India Standard Time)
[debug] [2025-07-24T03:56:33.644Z] ----------------------------------------------------------------------
[debug] 
[debug] [2025-07-24T03:56:33.873Z] > command requires scopes: ["email","openid","https://www.googleapis.com/auth/cloudplatformprojects.readonly","https://www.googleapis.com/auth/firebase","https://www.googleapis.com/auth/cloud-platform"]
[debug] [2025-07-24T03:56:33.873Z] > authorizing via signed-in user (theindiancircuit@gmail.com)
[debug] [2025-07-24T03:56:33.873Z] [iam] checking project theetherealcircuit for permissions ["firebase.projects.get","firebasehosting.sites.update"]
[debug] [2025-07-24T03:56:33.874Z] Checked if tokens are valid: false, expires at: 1752061030945
[debug] [2025-07-24T03:56:33.874Z] Checked if tokens are valid: false, expires at: 1752061030945
[debug] [2025-07-24T03:56:33.875Z] > refreshing access token with scopes: []
[debug] [2025-07-24T03:56:33.876Z] >>> [apiv2][query] POST https://www.googleapis.com/oauth2/v3/token [none]
[debug] [2025-07-24T03:56:33.876Z] >>> [apiv2][body] POST https://www.googleapis.com/oauth2/v3/token [omitted]
[debug] [2025-07-24T03:56:34.190Z] <<< [apiv2][status] POST https://www.googleapis.com/oauth2/v3/token 400
[debug] [2025-07-24T03:56:34.190Z] <<< [apiv2][body] POST https://www.googleapis.com/oauth2/v3/token [omitted]
[debug] [2025-07-24T03:56:34.191Z] >>> [apiv2][query] POST https://cloudresourcemanager.googleapis.com/v1/projects/theetherealcircuit:testIamPermissions [none]
[debug] [2025-07-24T03:56:34.191Z] >>> [apiv2][(partial)header] POST https://cloudresourcemanager.googleapis.com/v1/projects/theetherealcircuit:testIamPermissions x-goog-quota-user=projects/theetherealcircuit
[debug] [2025-07-24T03:56:34.191Z] >>> [apiv2][body] POST https://cloudresourcemanager.googleapis.com/v1/projects/theetherealcircuit:testIamPermissions {"permissions":["firebase.projects.get","firebasehosting.sites.update"]}
[debug] [2025-07-24T03:56:35.808Z] <<< [apiv2][status] POST https://cloudresourcemanager.googleapis.com/v1/projects/theetherealcircuit:testIamPermissions 401
[debug] [2025-07-24T03:56:35.808Z] <<< [apiv2][body] POST https://cloudresourcemanager.googleapis.com/v1/projects/theetherealcircuit:testIamPermissions {"error":{"code":401,"message":"Request had invalid authentication credentials. Expected OAuth 2 access token, login cookie or other valid authentication credential. See https://developers.google.com/identity/sign-in/web/devconsole-project.","status":"UNAUTHENTICATED","details":[{"@type":"type.googleapis.com/google.rpc.ErrorInfo","reason":"ACCESS_TOKEN_TYPE_UNSUPPORTED","metadata":{"service":"cloudresourcemanager.googleapis.com","method":"google.cloudresourcemanager.v1.Projects.TestIamPermissions"}}]}}
[debug] [2025-07-24T03:56:35.808Z] Got a 401 Unauthenticated error for a call that required authentication. Refreshing tokens.
[debug] [2025-07-24T03:56:35.808Z] Checked if tokens are valid: false, expires at: 1752061030945
[debug] [2025-07-24T03:56:35.809Z] Checked if tokens are valid: false, expires at: 1752061030945
[debug] [2025-07-24T03:56:35.809Z] > refreshing access token with scopes: []
[debug] [2025-07-24T03:56:35.809Z] >>> [apiv2][query] POST https://www.googleapis.com/oauth2/v3/token [none]
[debug] [2025-07-24T03:56:35.809Z] >>> [apiv2][body] POST https://www.googleapis.com/oauth2/v3/token [omitted]
[debug] [2025-07-24T03:56:35.933Z] <<< [apiv2][status] POST https://www.googleapis.com/oauth2/v3/token 400
[debug] [2025-07-24T03:56:35.933Z] <<< [apiv2][body] POST https://www.googleapis.com/oauth2/v3/token [omitted]
[debug] [2025-07-24T03:56:35.935Z] [iam] error while checking permissions, command may fail: Request to https://cloudresourcemanager.googleapis.com/v1/projects/theetherealcircuit:testIamPermissions had HTTP Error: 401, Request had invalid authentication credentials. Expected OAuth 2 access token, login cookie or other valid authentication credential. See https://developers.google.com/identity/sign-in/web/devconsole-project.
[debug] [2025-07-24T03:56:35.936Z] Checked if tokens are valid: false, expires at: 1752061030945
[debug] [2025-07-24T03:56:35.936Z] Checked if tokens are valid: false, expires at: 1752061030945
[debug] [2025-07-24T03:56:35.936Z] > refreshing access token with scopes: []
[debug] [2025-07-24T03:56:35.937Z] >>> [apiv2][query] POST https://www.googleapis.com/oauth2/v3/token [none]
[debug] [2025-07-24T03:56:35.937Z] >>> [apiv2][body] POST https://www.googleapis.com/oauth2/v3/token [omitted]
[debug] [2025-07-24T03:56:36.066Z] <<< [apiv2][status] POST https://www.googleapis.com/oauth2/v3/token 400
[debug] [2025-07-24T03:56:36.066Z] <<< [apiv2][body] POST https://www.googleapis.com/oauth2/v3/token [omitted]
[debug] [2025-07-24T03:56:36.067Z] >>> [apiv2][query] GET https://firebase.googleapis.com/v1beta1/projects/theetherealcircuit [none]
[debug] [2025-07-24T03:56:37.448Z] <<< [apiv2][status] GET https://firebase.googleapis.com/v1beta1/projects/theetherealcircuit 401
[debug] [2025-07-24T03:56:37.448Z] <<< [apiv2][body] GET https://firebase.googleapis.com/v1beta1/projects/theetherealcircuit {"error":{"code":401,"message":"Request had invalid authentication credentials. Expected OAuth 2 access token, login cookie or other valid authentication credential. See https://developers.google.com/identity/sign-in/web/devconsole-project.","status":"UNAUTHENTICATED"}}
[debug] [2025-07-24T03:56:37.448Z] Got a 401 Unauthenticated error for a call that required authentication. Refreshing tokens.
[debug] [2025-07-24T03:56:37.448Z] Checked if tokens are valid: false, expires at: 1752061030945
[debug] [2025-07-24T03:56:37.448Z] Checked if tokens are valid: false, expires at: 1752061030945
[debug] [2025-07-24T03:56:37.448Z] > refreshing access token with scopes: []
[debug] [2025-07-24T03:56:37.448Z] >>> [apiv2][query] POST https://www.googleapis.com/oauth2/v3/token [none]
[debug] [2025-07-24T03:56:37.449Z] >>> [apiv2][body] POST https://www.googleapis.com/oauth2/v3/token [omitted]
[debug] [2025-07-24T03:56:37.573Z] <<< [apiv2][status] POST https://www.googleapis.com/oauth2/v3/token 400
[debug] [2025-07-24T03:56:37.573Z] <<< [apiv2][body] POST https://www.googleapis.com/oauth2/v3/token [omitted]
[debug] [2025-07-24T03:56:37.574Z] Request to https://firebase.googleapis.com/v1beta1/projects/theetherealcircuit had HTTP Error: 401, Request had invalid authentication credentials. Expected OAuth 2 access token, login cookie or other valid authentication credential. See https://developers.google.com/identity/sign-in/web/devconsole-project.
[error] 
[error] Error: Assertion failed: resolving hosting target of a site with no site name or target name. This should have caused an error earlier
